# JRE version: OpenJDK Runtime Environment Temurin-16.0.2+7 (16.0.2+7) (build 16.0.2+7)
# Java VM: OpenJDK 64-Bit Server VM Temurin-16.0.2+7 (16.0.2+7, mixed mode, sharing, tiered, compressed oops, compressed class ptrs, g1 gc, windows-amd64)
GC Precious Log:
 CPUs: 8 total, 8 available
 Memory: 16309M
 Large Page Support: Disabled
 NUMA Support: Disabled
 Compressed Oops: Enabled (Zero based)
 Heap Region Size: 2M
 Heap Min Capacity: 8M
 Heap Initial Capacity: 256M
 Heap Max Capacity: 3G
 Pre-touch: Disabled
 Parallel Workers: 8
 Concurrent Workers: 2
 Concurrent Refinement Workers: 8
 Periodic GC: Disabled
Heap:
 garbage-first heap   total 98304K, used 56262K [0x0000000740000000, 0x0000000800000000)
  region size 2048K, 3 young (6144K), 2 survivors (4096K)
 Metaspace       used 53131K, committed 53632K, reserved 1097728K
  class space    used 7017K, committed 7232K, reserved 1048576K
GC Heap History (20 events):
Event: 2.728 GC heap before
{Heap before GC invocations=4 (full 0):
 garbage-first heap   total 81920K, used 57991K [0x0000000740000000, 0x0000000800000000)
  region size 2048K, 24 young (49152K), 6 survivors (12288K)
 Metaspace       used 29028K, committed 29376K, reserved 1081344K
  class space    used 3982K, committed 4096K, reserved 1048576K
}
Event: 2.735 GC heap after
{Heap after GC invocations=5 (full 0):
 garbage-first heap   total 81920K, used 25508K [0x0000000740000000, 0x0000000800000000)
  region size 2048K, 3 young (6144K), 3 survivors (6144K)
 Metaspace       used 29028K, committed 29376K, reserved 1081344K
  class space    used 3982K, committed 4096K, reserved 1048576K
}
Event: 2.921 GC heap before
{Heap before GC invocations=5 (full 0):
 garbage-first heap   total 81920K, used 56228K [0x0000000740000000, 0x0000000800000000)
  region size 2048K, 18 young (36864K), 3 survivors (6144K)
 Metaspace       used 30925K, committed 31232K, reserved 1081344K
  class space    used 4112K, committed 4288K, reserved 1048576K
}
Event: 2.924 GC heap after
{Heap after GC invocations=6 (full 0):
 garbage-first heap   total 81920K, used 28013K [0x0000000740000000, 0x0000000800000000)
  region size 2048K, 2 young (4096K), 2 survivors (4096K)
 Metaspace       used 30925K, committed 31232K, reserved 1081344K
  class space    used 4112K, committed 4288K, reserved 1048576K
}
Event: 3.202 GC heap before
{Heap before GC invocations=6 (full 0):
 garbage-first heap   total 81920K, used 56685K [0x0000000740000000, 0x0000000800000000)
  region size 2048K, 17 young (34816K), 2 survivors (4096K)
 Metaspace       used 34616K, committed 35008K, reserved 1081344K
  class space    used 4576K, committed 4736K, reserved 1048576K
}
Event: 3.205 GC heap after
{Heap after GC invocations=7 (full 0):
 garbage-first heap   total 81920K, used 29622K [0x0000000740000000, 0x0000000800000000)
  region size 2048K, 3 young (6144K), 3 survivors (6144K)
 Metaspace       used 34616K, committed 35008K, reserved 1081344K
  class space    used 4576K, committed 4736K, reserved 1048576K
}
Event: 3.285 GC heap before
{Heap before GC invocations=7 (full 0):
 garbage-first heap   total 81920K, used 37814K [0x0000000740000000, 0x0000000800000000)
  region size 2048K, 8 young (16384K), 3 survivors (6144K)
 Metaspace       used 35332K, committed 35648K, reserved 1081344K
  class space    used 4691K, committed 4864K, reserved 1048576K
}
Event: 3.288 GC heap after
{Heap after GC invocations=8 (full 0):
 garbage-first heap   total 81920K, used 30620K [0x0000000740000000, 0x0000000800000000)
  region size 2048K, 2 young (4096K), 2 survivors (4096K)
 Metaspace       used 35332K, committed 35648K, reserved 1081344K
  class space    used 4691K, committed 4864K, reserved 1048576K
}
Event: 3.604 GC heap before
{Heap before GC invocations=9 (full 0):
 garbage-first heap   total 81920K, used 61340K [0x0000000740000000, 0x0000000800000000)
  region size 2048K, 17 young (34816K), 2 survivors (4096K)
 Metaspace       used 38554K, committed 38976K, reserved 1089536K
  class space    used 5146K, committed 5312K, reserved 1048576K
}
Event: 3.607 GC heap after
{Heap after GC invocations=10 (full 0):
 garbage-first heap   total 81920K, used 32344K [0x0000000740000000, 0x0000000800000000)
  region size 2048K, 3 young (6144K), 3 survivors (6144K)
 Metaspace       used 38554K, committed 38976K, reserved 1089536K
  class space    used 5146K, committed 5312K, reserved 1048576K
}
Event: 4.425 GC heap before
{Heap before GC invocations=10 (full 0):
 garbage-first heap   total 81920K, used 63064K [0x0000000740000000, 0x0000000800000000)
  region size 2048K, 18 young (36864K), 3 survivors (6144K)
 Metaspace       used 45536K, committed 45952K, reserved 1089536K
  class space    used 5945K, committed 6144K, reserved 1048576K
}
Event: 4.429 GC heap after
{Heap after GC invocations=11 (full 0):
 garbage-first heap   total 81920K, used 38018K [0x0000000740000000, 0x0000000800000000)
  region size 2048K, 3 young (6144K), 3 survivors (6144K)
 Metaspace       used 45536K, committed 45952K, reserved 1089536K
  class space    used 5945K, committed 6144K, reserved 1048576K
}
Event: 4.726 GC heap before
{Heap before GC invocations=11 (full 0):
 garbage-first heap   total 81920K, used 62594K [0x0000000740000000, 0x0000000800000000)
  region size 2048K, 15 young (30720K), 3 survivors (6144K)
 Metaspace       used 50000K, committed 50432K, reserved 1097728K
  class space    used 6546K, committed 6720K, reserved 1048576K
}
Event: 4.731 GC heap after
{Heap after GC invocations=12 (full 0):
 garbage-first heap   total 81920K, used 40701K [0x0000000740000000, 0x0000000800000000)
  region size 2048K, 2 young (4096K), 2 survivors (4096K)
 Metaspace       used 50000K, committed 50432K, reserved 1097728K
  class space    used 6546K, committed 6720K, reserved 1048576K
}
Event: 4.881 GC heap before
{Heap before GC invocations=12 (full 0):
 garbage-first heap   total 81920K, used 63229K [0x0000000740000000, 0x0000000800000000)
  region size 2048K, 13 young (26624K), 2 survivors (4096K)
 Metaspace       used 50867K, committed 51328K, reserved 1097728K
  class space    used 6691K, committed 6912K, reserved 1048576K
}
Event: 4.884 GC heap after
{Heap after GC invocations=13 (full 0):
 garbage-first heap   total 98304K, used 42900K [0x0000000740000000, 0x0000000800000000)
  region size 2048K, 2 young (4096K), 2 survivors (4096K)
 Metaspace       used 50867K, committed 51328K, reserved 1097728K
  class space    used 6691K, committed 6912K, reserved 1048576K
}
Event: 5.112 GC heap before
{Heap before GC invocations=14 (full 0):
 garbage-first heap   total 98304K, used 75668K [0x0000000740000000, 0x0000000800000000)
  region size 2048K, 18 young (36864K), 2 survivors (4096K)
 Metaspace       used 52440K, committed 52928K, reserved 1097728K
  class space    used 6924K, committed 7168K, reserved 1048576K
}
Event: 5.115 GC heap after
{Heap after GC invocations=15 (full 0):
 garbage-first heap   total 98304K, used 45837K [0x0000000740000000, 0x0000000800000000)
  region size 2048K, 3 young (6144K), 3 survivors (6144K)
 Metaspace       used 52440K, committed 52928K, reserved 1097728K
  class space    used 6924K, committed 7168K, reserved 1048576K
}
Event: 5.137 GC heap before
{Heap before GC invocations=15 (full 0):
 garbage-first heap   total 98304K, used 47885K [0x0000000740000000, 0x0000000800000000)
  region size 2048K, 5 young (10240K), 3 survivors (6144K)
 Metaspace       used 52882K, committed 53376K, reserved 1097728K
  class space    used 6989K, committed 7232K, reserved 1048576K
}
Event: 5.140 GC heap after
{Heap after GC invocations=16 (full 0):
 garbage-first heap   total 98304K, used 46022K [0x0000000740000000, 0x0000000800000000)
  region size 2048K, 2 young (4096K), 2 survivors (4096K)
 Metaspace       used 52882K, committed 53376K, reserved 1097728K
  class space    used 6989K, committed 7232K, reserved 1048576K
}

